<?xml version="1.0" encoding="UTF-8"?>
<!-- Generated by org.testng.reporters.JUnitXMLReporter -->
<testsuite ignored="0" hostname="Vishal" failures="0" tests="7" name="Test" time="657.655" errors="0" timestamp="2022-10-05T13:14:53 IST">
  <testcase classname="org.CompassionOneView.testCases.CompassionOneViewLogin" name="loginTest" time="6.295"/>
  <testcase classname="org.CompassionOneView.testCases.CompassionOneViewNewRegistration" name="newRegistration" time="87.49"/>
  <testcase classname="org.CompassionOneView.testCases.CompassionOneViewChangeName" name="changeName" time="80.283"/>
  <testcase classname="org.CompassionOneView.testCases.CompassionOneViewChangeAddress" name="changeAddress" time="87.961"/>
  <testcase classname="org.CompassionOneView.testCases.CompassionOneViewChangePhone" name="changePhone" time="75.459"/>
  <testcase classname="org.CompassionOneView.testCases.CompassionOneViewChangeEmail" name="changeEmail" time="72.526"/>
  <testcase classname="org.CompassionOneView.testCases.CompassionOneViewChangeAll" name="changeAll" time="161.94"/>
</testsuite> <!-- Test -->
