<?xml version="1.0" encoding="UTF-8"?>
<testng-results ignored="0" total="1" passed="1" failed="0" skipped="0">
  <reporter-output>
    <line>
      <![CDATA[************************ Browser Session Started ************************]]>
    </line>
    <line>
      <![CDATA[************************ Browser Session End ************************]]>
    </line>
  </reporter-output>
  <suite started-at="2022-10-08T19:48:52 IST" name="Default suite" finished-at="2022-10-08T19:49:10 IST" duration-ms="18248">
    <groups>
      <group name="All">
        <method signature="CompassionOneViewLogin.loginTest(java.lang.String,java.lang.String)[pri:0, instance:org.CompassionOneView.testCases.CompassionOneViewLogin@6f1de4c7]" name="loginTest" class="org.CompassionOneView.testCases.CompassionOneViewLogin"/>
      </group> <!-- All -->
      <group name="Login">
        <method signature="CompassionOneViewLogin.loginTest(java.lang.String,java.lang.String)[pri:0, instance:org.CompassionOneView.testCases.CompassionOneViewLogin@6f1de4c7]" name="loginTest" class="org.CompassionOneView.testCases.CompassionOneViewLogin"/>
      </group> <!-- Login -->
    </groups>
    <test started-at="2022-10-08T19:48:52 IST" name="Default test" finished-at="2022-10-08T19:49:10 IST" duration-ms="18248">
      <class name="org.CompassionOneView.testCases.CompassionOneViewLogin">
        <test-method is-config="true" signature="setup(java.lang.String)[pri:0, instance:org.CompassionOneView.testCases.CompassionOneViewLogin@6f1de4c7]" started-at="2022-10-08T19:48:52 IST" name="setup" finished-at="2022-10-08T19:48:59 IST" duration-ms="6917" status="PASS">
          <params>
            <param index="0">
              <value>
                <![CDATA[dev]]>
              </value>
            </param>
          </params>
          <reporter-output>
            <line>
              <![CDATA[************************ Browser Session Started ************************]]>
            </line>
          </reporter-output>
        </test-method> <!-- setup -->
        <test-method signature="loginTest(java.lang.String,java.lang.String)[pri:0, instance:org.CompassionOneView.testCases.CompassionOneViewLogin@6f1de4c7]" started-at="2022-10-08T19:48:59 IST" name="loginTest" finished-at="2022-10-08T19:49:05 IST" duration-ms="6158" status="PASS">
          <params>
            <param index="0">
              <value>
                <![CDATA[GC_4]]>
              </value>
            </param>
            <param index="1">
              <value>
                <![CDATA[G33con0404]]>
              </value>
            </param>
          </params>
          <reporter-output>
          </reporter-output>
        </test-method> <!-- loginTest -->
        <test-method is-config="true" signature="tearDown()[pri:0, instance:org.CompassionOneView.testCases.CompassionOneViewLogin@6f1de4c7]" started-at="2022-10-08T19:49:05 IST" name="tearDown" finished-at="2022-10-08T19:49:10 IST" duration-ms="5133" status="PASS">
          <reporter-output>
            <line>
              <![CDATA[************************ Browser Session End ************************]]>
            </line>
          </reporter-output>
        </test-method> <!-- tearDown -->
      </class> <!-- org.CompassionOneView.testCases.CompassionOneViewLogin -->
    </test> <!-- Default test -->
  </suite> <!-- Default suite -->
</testng-results>
